[ERROR] 2019-12-28 00:00:10.089 [main] TaskIO - java.io.InvalidClassException: ua.edu.sumdu.j2se.yermolenko.tasks.model.ArrayTaskList; local class incompatible: stream classdesc serialVersionUID = 8817407254520609849, local class serialVersionUID = -6352267163880726666
[ERROR] 2019-12-28 00:01:01.551 [main] TaskIO - java.io.InvalidClassException: ua.edu.sumdu.j2se.yermolenko.tasks.model.AbstractTaskList; local class incompatible: stream classdesc serialVersionUID = 1, local class serialVersionUID = -3605453127556880311
[ERROR] 2019-12-28 00:01:22.921 [main] TaskIO - java.io.InvalidClassException: ua.edu.sumdu.j2se.yermolenko.tasks.model.ArrayTaskList; local class incompatible: stream classdesc serialVersionUID = 8817407254520609849, local class serialVersionUID = 1
[ERROR] 2020-01-09 21:11:08.919 [main] Main - java.io.IOException
[ERROR] 2020-01-09 21:17:29.088 [main] Main - null
[ERROR] 2020-01-09 21:18:17.226 [main] Main - null
java.io.IOException: null
	at ua.edu.sumdu.j2se.yermolenko.tasks.Main.main(Main.java:49) [classes/:?]
[ERROR] 2020-01-09 21:18:58.730 [main] Main - java.io.IOException
[ERROR] 2020-01-09 21:19:17.491 [main] Main - null
java.io.IOException: null
	at ua.edu.sumdu.j2se.yermolenko.tasks.Main.main(Main.java:49) [classes/:?]
[ERROR] 2020-01-09 21:20:24.049 [main] TaskIO - null
java.io.IOException: null
	at ua.edu.sumdu.j2se.yermolenko.tasks.model.TaskIO.writeBinary(TaskIO.java:59) [classes/:?]
	at ua.edu.sumdu.j2se.yermolenko.tasks.model.TaskIO.serialization(TaskIO.java:28) [classes/:?]
	at ua.edu.sumdu.j2se.yermolenko.tasks.Main.main(Main.java:53) [classes/:?]
[ERROR] 2020-01-09 21:21:08.422 [main] TaskIO - SomeError
java.io.IOException: null
	at ua.edu.sumdu.j2se.yermolenko.tasks.model.TaskIO.writeBinary(TaskIO.java:59) [classes/:?]
	at ua.edu.sumdu.j2se.yermolenko.tasks.model.TaskIO.serialization(TaskIO.java:28) [classes/:?]
	at ua.edu.sumdu.j2se.yermolenko.tasks.Main.main(Main.java:53) [classes/:?]
[ERROR] 2020-01-09 21:22:25.943 [main] TaskIO - SomeError
[ERROR] 2020-01-09 21:22:48.877 [main] TaskIO - SomeError
[ERROR] 2020-01-09 21:23:11.077 [main] TaskIO - SomeError
java.io.IOException: null
	at ua.edu.sumdu.j2se.yermolenko.tasks.model.TaskIO.writeBinary(TaskIO.java:59) [classes/:?]
	at ua.edu.sumdu.j2se.yermolenko.tasks.model.TaskIO.serialization(TaskIO.java:28) [classes/:?]
	at ua.edu.sumdu.j2se.yermolenko.tasks.Main.main(Main.java:53) [classes/:?]
[ERROR] 2020-01-09 21:49:39.897 [main] TaskIO - Serialization problem
java.io.IOException: null
	at ua.edu.sumdu.j2se.yermolenko.tasks.model.TaskIO.writeBinary(TaskIO.java:59) [classes/:?]
	at ua.edu.sumdu.j2se.yermolenko.tasks.model.TaskIO.serialization(TaskIO.java:28) [classes/:?]
	at ua.edu.sumdu.j2se.yermolenko.tasks.Main.main(Main.java:53) [classes/:?]
